<?xml version="1.0" encoding="UTF-8"?>
<!-- Generated by org.testng.reporters.JUnitReportReporter -->
<testsuite hostname="LAPTOP-2IKQMJLC" failures="0" tests="1" name="ec.com.learning.restassured.restfulbooker.GetBookingIdsTests" time="2.138" errors="0" timestamp="2023-10-25T22:20:14 ECT" skipped="0">
  <testcase classname="ec.com.learning.restassured.restfulbooker.GetBookingIdsTests" name="getBookingIdsWithoutFilterTest" time="2.138"/>
  <system-out/>
</testsuite> <!-- ec.com.learning.restassured.restfulbooker.GetBookingIdsTests -->
