<?xml version="1.0" encoding="UTF-8"?>
<!-- Generated by org.testng.reporters.JUnitReportReporter -->
<testsuite hostname="LAPTOP-2IKQMJLC" failures="0" tests="1" name="ec.com.learning.restassured.restfulbooker.CreateBookingTests" time="2.271" errors="0" timestamp="2023-10-26T21:48:33 ECT" skipped="0">
  <testcase classname="ec.com.learning.restassured.restfulbooker.CreateBookingTests" name="createBookingTest" time="2.271"/>
  <system-out/>
</testsuite> <!-- ec.com.learning.restassured.restfulbooker.CreateBookingTests -->
