<?xml version="1.0" encoding="UTF-8"?>
<!-- Generated by org.testng.reporters.JUnitReportReporter -->
<testsuite hostname="LAPTOP-2IKQMJLC" failures="0" tests="1" name="ec.com.learning.restassured.restfulbooker.CreateBookingTests" time="1.934" errors="0" timestamp="2023-10-31T23:59:44 ECT" skipped="0">
  <testcase classname="ec.com.learning.restassured.restfulbooker.CreateBookingTests" name="createBookingWithPOJOTest" time="1.934"/>
  <system-out/>
</testsuite> <!-- ec.com.learning.restassured.restfulbooker.CreateBookingTests -->
